e:\vs2015proj\mfcautolinkcan\mfcautolinkcan\debug\mfcautolinkcan.pch
e:\vs2015proj\mfcautolinkcan\mfcautolinkcan\debug\vc140.pdb
e:\vs2015proj\mfcautolinkcan\mfcautolinkcan\debug\vc140.idb
e:\vs2015proj\mfcautolinkcan\mfcautolinkcan\debug\stdafx.obj
e:\vs2015proj\mfcautolinkcan\mfcautolinkcan\debug\canutil.obj
e:\vs2015proj\mfcautolinkcan\mfcautolinkcan\debug\coloredlistctrl.obj
e:\vs2015proj\mfcautolinkcan\mfcautolinkcan\debug\editmsgdlg.obj
e:\vs2015proj\mfcautolinkcan\mfcautolinkcan\debug\limitedit.obj
e:\vs2015proj\mfcautolinkcan\mfcautolinkcan\debug\mfcautolinkcan.obj
e:\vs2015proj\mfcautolinkcan\mfcautolinkcan\debug\mfcautolinkcandlg.obj
e:\vs2015proj\mfcautolinkcan\mfcautolinkcan\debug\opendevdlg.obj
e:\vs2015proj\mfcautolinkcan\debug\mfcautolinkcan.ilk
e:\vs2015proj\mfcautolinkcan\debug\mfcautolinkcan.exe
e:\vs2015proj\mfcautolinkcan\debug\mfcautolinkcan.pdb
e:\vs2015proj\mfcautolinkcan\mfcautolinkcan\debug\mfcautolinkcan.res
e:\vs2015proj\mfcautolinkcan\mfcautolinkcan\debug\mfcautolinkcan.tlog\cl.command.1.tlog
e:\vs2015proj\mfcautolinkcan\mfcautolinkcan\debug\mfcautolinkcan.tlog\cl.read.1.tlog
e:\vs2015proj\mfcautolinkcan\mfcautolinkcan\debug\mfcautolinkcan.tlog\cl.write.1.tlog
e:\vs2015proj\mfcautolinkcan\mfcautolinkcan\debug\mfcautolinkcan.tlog\link.command.1.tlog
e:\vs2015proj\mfcautolinkcan\mfcautolinkcan\debug\mfcautolinkcan.tlog\link.read.1.tlog
e:\vs2015proj\mfcautolinkcan\mfcautolinkcan\debug\mfcautolinkcan.tlog\link.write.1.tlog
e:\vs2015proj\mfcautolinkcan\mfcautolinkcan\debug\mfcautolinkcan.tlog\rc.command.1.tlog
e:\vs2015proj\mfcautolinkcan\mfcautolinkcan\debug\mfcautolinkcan.tlog\rc.read.1.tlog
e:\vs2015proj\mfcautolinkcan\mfcautolinkcan\debug\mfcautolinkcan.tlog\rc.write.1.tlog
